<?xml version="1.0" encoding="UTF-8"?>
<testsuite xmlns:xsi="http://www.w3.org/2001/XMLSchema-instance" xsi:noNamespaceSchemaLocation="https://maven.apache.org/surefire/maven-surefire-plugin/xsd/surefire-test-report.xsd" name="br.com.crud.gweb.service.UsuarioServiceTest" time="0" tests="1" errors="0" skipped="0" failures="0">
  <properties>
    <property name="sun.desktop" value="windows"/>
    <property name="awt.toolkit" value="sun.awt.windows.WToolkit"/>
    <property name="java.specification.version" value="11"/>
    <property name="sun.cpu.isalist" value="amd64"/>
    <property name="sun.jnu.encoding" value="Cp1252"/>
    <property name="java.class.path" value="D:\Users\Jhonatar\Documents\Developer\gweb\target\test-classes;D:\Users\Jhonatar\Documents\Developer\gweb\target\classes;D:\sdk-java\mavenrepo\org\springframework\boot\spring-boot-starter-data-jpa\2.1.0.RELEASE\spring-boot-starter-data-jpa-2.1.0.RELEASE.jar;D:\sdk-java\mavenrepo\org\springframework\boot\spring-boot-starter-aop\2.1.0.RELEASE\spring-boot-starter-aop-2.1.0.RELEASE.jar;D:\sdk-java\mavenrepo\org\springframework\spring-aop\5.1.2.RELEASE\spring-aop-5.1.2.RELEASE.jar;D:\sdk-java\mavenrepo\org\aspectj\aspectjweaver\1.9.2\aspectjweaver-1.9.2.jar;D:\sdk-java\mavenrepo\org\springframework\boot\spring-boot-starter-jdbc\2.1.0.RELEASE\spring-boot-starter-jdbc-2.1.0.RELEASE.jar;D:\sdk-java\mavenrepo\com\zaxxer\HikariCP\3.2.0\HikariCP-3.2.0.jar;D:\sdk-java\mavenrepo\org\springframework\spring-jdbc\5.1.2.RELEASE\spring-jdbc-5.1.2.RELEASE.jar;D:\sdk-java\mavenrepo\javax\transaction\javax.transaction-api\1.3\javax.transaction-api-1.3.jar;D:\sdk-java\mavenrepo\javax\xml\bind\jaxb-api\2.3.1\jaxb-api-2.3.1.jar;D:\sdk-java\mavenrepo\javax\activation\javax.activation-api\1.2.0\javax.activation-api-1.2.0.jar;D:\sdk-java\mavenrepo\org\hibernate\hibernate-core\5.3.7.Final\hibernate-core-5.3.7.Final.jar;D:\sdk-java\mavenrepo\org\jboss\logging\jboss-logging\3.3.2.Final\jboss-logging-3.3.2.Final.jar;D:\sdk-java\mavenrepo\javax\persistence\javax.persistence-api\2.2\javax.persistence-api-2.2.jar;D:\sdk-java\mavenrepo\net\bytebuddy\byte-buddy\1.9.3\byte-buddy-1.9.3.jar;D:\sdk-java\mavenrepo\antlr\antlr\2.7.7\antlr-2.7.7.jar;D:\sdk-java\mavenrepo\org\jboss\jandex\2.0.5.Final\jandex-2.0.5.Final.jar;D:\sdk-java\mavenrepo\com\fasterxml\classmate\1.4.0\classmate-1.4.0.jar;D:\sdk-java\mavenrepo\org\dom4j\dom4j\2.1.1\dom4j-2.1.1.jar;D:\sdk-java\mavenrepo\org\hibernate\common\hibernate-commons-annotations\5.0.4.Final\hibernate-commons-annotations-5.0.4.Final.jar;D:\sdk-java\mavenrepo\org\springframework\data\spring-data-jpa\2.1.2.RELEASE\spring-data-jpa-2.1.2.RELEASE.jar;D:\sdk-java\mavenrepo\org\springframework\data\spring-data-commons\2.1.2.RELEASE\spring-data-commons-2.1.2.RELEASE.jar;D:\sdk-java\mavenrepo\org\springframework\spring-orm\5.1.2.RELEASE\spring-orm-5.1.2.RELEASE.jar;D:\sdk-java\mavenrepo\org\springframework\spring-context\5.1.2.RELEASE\spring-context-5.1.2.RELEASE.jar;D:\sdk-java\mavenrepo\org\springframework\spring-tx\5.1.2.RELEASE\spring-tx-5.1.2.RELEASE.jar;D:\sdk-java\mavenrepo\org\springframework\spring-beans\5.1.2.RELEASE\spring-beans-5.1.2.RELEASE.jar;D:\sdk-java\mavenrepo\org\springframework\spring-aspects\5.1.2.RELEASE\spring-aspects-5.1.2.RELEASE.jar;D:\sdk-java\mavenrepo\org\springframework\boot\spring-boot-starter-web\2.1.0.RELEASE\spring-boot-starter-web-2.1.0.RELEASE.jar;D:\sdk-java\mavenrepo\org\springframework\boot\spring-boot-starter\2.1.0.RELEASE\spring-boot-starter-2.1.0.RELEASE.jar;D:\sdk-java\mavenrepo\org\springframework\boot\spring-boot-starter-logging\2.1.0.RELEASE\spring-boot-starter-logging-2.1.0.RELEASE.jar;D:\sdk-java\mavenrepo\ch\qos\logback\logback-classic\1.2.3\logback-classic-1.2.3.jar;D:\sdk-java\mavenrepo\ch\qos\logback\logback-core\1.2.3\logback-core-1.2.3.jar;D:\sdk-java\mavenrepo\org\apache\logging\log4j\log4j-to-slf4j\2.11.1\log4j-to-slf4j-2.11.1.jar;D:\sdk-java\mavenrepo\org\apache\logging\log4j\log4j-api\2.11.1\log4j-api-2.11.1.jar;D:\sdk-java\mavenrepo\org\slf4j\jul-to-slf4j\1.7.25\jul-to-slf4j-1.7.25.jar;D:\sdk-java\mavenrepo\javax\annotation\javax.annotation-api\1.3.2\javax.annotation-api-1.3.2.jar;D:\sdk-java\mavenrepo\org\yaml\snakeyaml\1.23\snakeyaml-1.23.jar;D:\sdk-java\mavenrepo\org\springframework\boot\spring-boot-starter-json\2.1.0.RELEASE\spring-boot-starter-json-2.1.0.RELEASE.jar;D:\sdk-java\mavenrepo\com\fasterxml\jackson\core\jackson-databind\2.9.7\jackson-databind-2.9.7.jar;D:\sdk-java\mavenrepo\com\fasterxml\jackson\core\jackson-annotations\2.9.0\jackson-annotations-2.9.0.jar;D:\sdk-java\mavenrepo\com\fasterxml\jackson\core\jackson-core\2.9.7\jackson-core-2.9.7.jar;D:\sdk-java\mavenrepo\com\fasterxml\jackson\datatype\jackson-datatype-jdk8\2.9.7\jackson-datatype-jdk8-2.9.7.jar;D:\sdk-java\mavenrepo\com\fasterxml\jackson\datatype\jackson-datatype-jsr310\2.9.7\jackson-datatype-jsr310-2.9.7.jar;D:\sdk-java\mavenrepo\com\fasterxml\jackson\module\jackson-module-parameter-names\2.9.7\jackson-module-parameter-names-2.9.7.jar;D:\sdk-java\mavenrepo\org\springframework\boot\spring-boot-starter-tomcat\2.1.0.RELEASE\spring-boot-starter-tomcat-2.1.0.RELEASE.jar;D:\sdk-java\mavenrepo\org\apache\tomcat\embed\tomcat-embed-core\9.0.12\tomcat-embed-core-9.0.12.jar;D:\sdk-java\mavenrepo\org\apache\tomcat\embed\tomcat-embed-el\9.0.12\tomcat-embed-el-9.0.12.jar;D:\sdk-java\mavenrepo\org\apache\tomcat\embed\tomcat-embed-websocket\9.0.12\tomcat-embed-websocket-9.0.12.jar;D:\sdk-java\mavenrepo\org\hibernate\validator\hibernate-validator\6.0.13.Final\hibernate-validator-6.0.13.Final.jar;D:\sdk-java\mavenrepo\javax\validation\validation-api\2.0.1.Final\validation-api-2.0.1.Final.jar;D:\sdk-java\mavenrepo\org\springframework\spring-web\5.1.2.RELEASE\spring-web-5.1.2.RELEASE.jar;D:\sdk-java\mavenrepo\org\springframework\spring-webmvc\5.1.2.RELEASE\spring-webmvc-5.1.2.RELEASE.jar;D:\sdk-java\mavenrepo\org\springframework\spring-expression\5.1.2.RELEASE\spring-expression-5.1.2.RELEASE.jar;D:\sdk-java\mavenrepo\org\springframework\boot\spring-boot-devtools\2.1.0.RELEASE\spring-boot-devtools-2.1.0.RELEASE.jar;D:\sdk-java\mavenrepo\org\springframework\boot\spring-boot\2.1.0.RELEASE\spring-boot-2.1.0.RELEASE.jar;D:\sdk-java\mavenrepo\org\springframework\boot\spring-boot-autoconfigure\2.1.0.RELEASE\spring-boot-autoconfigure-2.1.0.RELEASE.jar;D:\sdk-java\mavenrepo\mysql\mysql-connector-java\8.0.13\mysql-connector-java-8.0.13.jar;D:\sdk-java\mavenrepo\org\springframework\boot\spring-boot-starter-test\2.1.0.RELEASE\spring-boot-starter-test-2.1.0.RELEASE.jar;D:\sdk-java\mavenrepo\org\springframework\boot\spring-boot-test\2.1.0.RELEASE\spring-boot-test-2.1.0.RELEASE.jar;D:\sdk-java\mavenrepo\org\springframework\boot\spring-boot-test-autoconfigure\2.1.0.RELEASE\spring-boot-test-autoconfigure-2.1.0.RELEASE.jar;D:\sdk-java\mavenrepo\com\jayway\jsonpath\json-path\2.4.0\json-path-2.4.0.jar;D:\sdk-java\mavenrepo\net\minidev\json-smart\2.3\json-smart-2.3.jar;D:\sdk-java\mavenrepo\net\minidev\accessors-smart\1.2\accessors-smart-1.2.jar;D:\sdk-java\mavenrepo\org\ow2\asm\asm\5.0.4\asm-5.0.4.jar;D:\sdk-java\mavenrepo\org\assertj\assertj-core\3.11.1\assertj-core-3.11.1.jar;D:\sdk-java\mavenrepo\org\mockito\mockito-core\2.23.0\mockito-core-2.23.0.jar;D:\sdk-java\mavenrepo\net\bytebuddy\byte-buddy-agent\1.9.3\byte-buddy-agent-1.9.3.jar;D:\sdk-java\mavenrepo\org\objenesis\objenesis\2.6\objenesis-2.6.jar;D:\sdk-java\mavenrepo\org\hamcrest\hamcrest-core\1.3\hamcrest-core-1.3.jar;D:\sdk-java\mavenrepo\org\hamcrest\hamcrest-library\1.3\hamcrest-library-1.3.jar;D:\sdk-java\mavenrepo\org\skyscreamer\jsonassert\1.5.0\jsonassert-1.5.0.jar;D:\sdk-java\mavenrepo\com\vaadin\external\google\android-json\0.0.20131108.vaadin1\android-json-0.0.20131108.vaadin1.jar;D:\sdk-java\mavenrepo\org\springframework\spring-core\5.1.2.RELEASE\spring-core-5.1.2.RELEASE.jar;D:\sdk-java\mavenrepo\org\springframework\spring-jcl\5.1.2.RELEASE\spring-jcl-5.1.2.RELEASE.jar;D:\sdk-java\mavenrepo\org\springframework\spring-test\5.1.2.RELEASE\spring-test-5.1.2.RELEASE.jar;D:\sdk-java\mavenrepo\org\xmlunit\xmlunit-core\2.6.2\xmlunit-core-2.6.2.jar;D:\sdk-java\mavenrepo\org\projectlombok\lombok\1.18.4\lombok-1.18.4.jar;D:\sdk-java\mavenrepo\ma\glasnost\orika\orika-core\1.4.6\orika-core-1.4.6.jar;D:\sdk-java\mavenrepo\org\javassist\javassist\3.19.0-GA\javassist-3.19.0-GA.jar;D:\sdk-java\mavenrepo\com\thoughtworks\paranamer\paranamer\2.7\paranamer-2.7.jar;D:\sdk-java\mavenrepo\org\slf4j\slf4j-api\1.7.25\slf4j-api-1.7.25.jar;D:\sdk-java\mavenrepo\com\googlecode\concurrentlinkedhashmap\concurrentlinkedhashmap-lru\1.2_jdk5\concurrentlinkedhashmap-lru-1.2_jdk5.jar;D:\sdk-java\mavenrepo\com\carrotsearch\java-sizeof\0.0.4\java-sizeof-0.0.4.jar;D:\sdk-java\mavenrepo\com\h2database\h2\1.4.197\h2-1.4.197.jar;D:\sdk-java\mavenrepo\junit\junit\4.12\junit-4.12.jar;D:\sdk-java\mavenrepo\com\github\javafaker\javafaker\0.12\javafaker-0.12.jar;D:\sdk-java\mavenrepo\org\apache\commons\commons-lang3\3.8.1\commons-lang3-3.8.1.jar;D:\sdk-java\mavenrepo\com\github\mifmif\generex\1.0.2\generex-1.0.2.jar;D:\sdk-java\mavenrepo\dk\brics\automaton\automaton\1.11-8\automaton-1.11-8.jar;"/>
    <property name="java.vm.vendor" value="Oracle Corporation"/>
    <property name="sun.arch.data.model" value="64"/>
    <property name="user.variant" value=""/>
    <property name="java.vendor.url" value="http://java.oracle.com/"/>
    <property name="user.timezone" value="America/Sao_Paulo"/>
    <property name="java.vm.specification.version" value="11"/>
    <property name="os.name" value="Windows 10"/>
    <property name="sun.java.launcher" value="SUN_STANDARD"/>
    <property name="user.country" value="BR"/>
    <property name="sun.boot.library.path" value="C:\Program Files\Java\jdk-11.0.1\bin"/>
    <property name="sun.java.command" value="D:\Users\Jhonatar\AppData\Local\Temp\surefire3756719200848837567\surefirebooter529640334325062067.jar D:\Users\Jhonatar\AppData\Local\Temp\surefire3756719200848837567 2018-12-10T18-20-49_873-jvmRun1 surefire3892772207351480285tmp surefire_010485846619007592458tmp"/>
    <property name="jdk.debug" value="release"/>
    <property name="surefire.test.class.path" value="D:\Users\Jhonatar\Documents\Developer\gweb\target\test-classes;D:\Users\Jhonatar\Documents\Developer\gweb\target\classes;D:\sdk-java\mavenrepo\org\springframework\boot\spring-boot-starter-data-jpa\2.1.0.RELEASE\spring-boot-starter-data-jpa-2.1.0.RELEASE.jar;D:\sdk-java\mavenrepo\org\springframework\boot\spring-boot-starter-aop\2.1.0.RELEASE\spring-boot-starter-aop-2.1.0.RELEASE.jar;D:\sdk-java\mavenrepo\org\springframework\spring-aop\5.1.2.RELEASE\spring-aop-5.1.2.RELEASE.jar;D:\sdk-java\mavenrepo\org\aspectj\aspectjweaver\1.9.2\aspectjweaver-1.9.2.jar;D:\sdk-java\mavenrepo\org\springframework\boot\spring-boot-starter-jdbc\2.1.0.RELEASE\spring-boot-starter-jdbc-2.1.0.RELEASE.jar;D:\sdk-java\mavenrepo\com\zaxxer\HikariCP\3.2.0\HikariCP-3.2.0.jar;D:\sdk-java\mavenrepo\org\springframework\spring-jdbc\5.1.2.RELEASE\spring-jdbc-5.1.2.RELEASE.jar;D:\sdk-java\mavenrepo\javax\transaction\javax.transaction-api\1.3\javax.transaction-api-1.3.jar;D:\sdk-java\mavenrepo\javax\xml\bind\jaxb-api\2.3.1\jaxb-api-2.3.1.jar;D:\sdk-java\mavenrepo\javax\activation\javax.activation-api\1.2.0\javax.activation-api-1.2.0.jar;D:\sdk-java\mavenrepo\org\hibernate\hibernate-core\5.3.7.Final\hibernate-core-5.3.7.Final.jar;D:\sdk-java\mavenrepo\org\jboss\logging\jboss-logging\3.3.2.Final\jboss-logging-3.3.2.Final.jar;D:\sdk-java\mavenrepo\javax\persistence\javax.persistence-api\2.2\javax.persistence-api-2.2.jar;D:\sdk-java\mavenrepo\net\bytebuddy\byte-buddy\1.9.3\byte-buddy-1.9.3.jar;D:\sdk-java\mavenrepo\antlr\antlr\2.7.7\antlr-2.7.7.jar;D:\sdk-java\mavenrepo\org\jboss\jandex\2.0.5.Final\jandex-2.0.5.Final.jar;D:\sdk-java\mavenrepo\com\fasterxml\classmate\1.4.0\classmate-1.4.0.jar;D:\sdk-java\mavenrepo\org\dom4j\dom4j\2.1.1\dom4j-2.1.1.jar;D:\sdk-java\mavenrepo\org\hibernate\common\hibernate-commons-annotations\5.0.4.Final\hibernate-commons-annotations-5.0.4.Final.jar;D:\sdk-java\mavenrepo\org\springframework\data\spring-data-jpa\2.1.2.RELEASE\spring-data-jpa-2.1.2.RELEASE.jar;D:\sdk-java\mavenrepo\org\springframework\data\spring-data-commons\2.1.2.RELEASE\spring-data-commons-2.1.2.RELEASE.jar;D:\sdk-java\mavenrepo\org\springframework\spring-orm\5.1.2.RELEASE\spring-orm-5.1.2.RELEASE.jar;D:\sdk-java\mavenrepo\org\springframework\spring-context\5.1.2.RELEASE\spring-context-5.1.2.RELEASE.jar;D:\sdk-java\mavenrepo\org\springframework\spring-tx\5.1.2.RELEASE\spring-tx-5.1.2.RELEASE.jar;D:\sdk-java\mavenrepo\org\springframework\spring-beans\5.1.2.RELEASE\spring-beans-5.1.2.RELEASE.jar;D:\sdk-java\mavenrepo\org\springframework\spring-aspects\5.1.2.RELEASE\spring-aspects-5.1.2.RELEASE.jar;D:\sdk-java\mavenrepo\org\springframework\boot\spring-boot-starter-web\2.1.0.RELEASE\spring-boot-starter-web-2.1.0.RELEASE.jar;D:\sdk-java\mavenrepo\org\springframework\boot\spring-boot-starter\2.1.0.RELEASE\spring-boot-starter-2.1.0.RELEASE.jar;D:\sdk-java\mavenrepo\org\springframework\boot\spring-boot-starter-logging\2.1.0.RELEASE\spring-boot-starter-logging-2.1.0.RELEASE.jar;D:\sdk-java\mavenrepo\ch\qos\logback\logback-classic\1.2.3\logback-classic-1.2.3.jar;D:\sdk-java\mavenrepo\ch\qos\logback\logback-core\1.2.3\logback-core-1.2.3.jar;D:\sdk-java\mavenrepo\org\apache\logging\log4j\log4j-to-slf4j\2.11.1\log4j-to-slf4j-2.11.1.jar;D:\sdk-java\mavenrepo\org\apache\logging\log4j\log4j-api\2.11.1\log4j-api-2.11.1.jar;D:\sdk-java\mavenrepo\org\slf4j\jul-to-slf4j\1.7.25\jul-to-slf4j-1.7.25.jar;D:\sdk-java\mavenrepo\javax\annotation\javax.annotation-api\1.3.2\javax.annotation-api-1.3.2.jar;D:\sdk-java\mavenrepo\org\yaml\snakeyaml\1.23\snakeyaml-1.23.jar;D:\sdk-java\mavenrepo\org\springframework\boot\spring-boot-starter-json\2.1.0.RELEASE\spring-boot-starter-json-2.1.0.RELEASE.jar;D:\sdk-java\mavenrepo\com\fasterxml\jackson\core\jackson-databind\2.9.7\jackson-databind-2.9.7.jar;D:\sdk-java\mavenrepo\com\fasterxml\jackson\core\jackson-annotations\2.9.0\jackson-annotations-2.9.0.jar;D:\sdk-java\mavenrepo\com\fasterxml\jackson\core\jackson-core\2.9.7\jackson-core-2.9.7.jar;D:\sdk-java\mavenrepo\com\fasterxml\jackson\datatype\jackson-datatype-jdk8\2.9.7\jackson-datatype-jdk8-2.9.7.jar;D:\sdk-java\mavenrepo\com\fasterxml\jackson\datatype\jackson-datatype-jsr310\2.9.7\jackson-datatype-jsr310-2.9.7.jar;D:\sdk-java\mavenrepo\com\fasterxml\jackson\module\jackson-module-parameter-names\2.9.7\jackson-module-parameter-names-2.9.7.jar;D:\sdk-java\mavenrepo\org\springframework\boot\spring-boot-starter-tomcat\2.1.0.RELEASE\spring-boot-starter-tomcat-2.1.0.RELEASE.jar;D:\sdk-java\mavenrepo\org\apache\tomcat\embed\tomcat-embed-core\9.0.12\tomcat-embed-core-9.0.12.jar;D:\sdk-java\mavenrepo\org\apache\tomcat\embed\tomcat-embed-el\9.0.12\tomcat-embed-el-9.0.12.jar;D:\sdk-java\mavenrepo\org\apache\tomcat\embed\tomcat-embed-websocket\9.0.12\tomcat-embed-websocket-9.0.12.jar;D:\sdk-java\mavenrepo\org\hibernate\validator\hibernate-validator\6.0.13.Final\hibernate-validator-6.0.13.Final.jar;D:\sdk-java\mavenrepo\javax\validation\validation-api\2.0.1.Final\validation-api-2.0.1.Final.jar;D:\sdk-java\mavenrepo\org\springframework\spring-web\5.1.2.RELEASE\spring-web-5.1.2.RELEASE.jar;D:\sdk-java\mavenrepo\org\springframework\spring-webmvc\5.1.2.RELEASE\spring-webmvc-5.1.2.RELEASE.jar;D:\sdk-java\mavenrepo\org\springframework\spring-expression\5.1.2.RELEASE\spring-expression-5.1.2.RELEASE.jar;D:\sdk-java\mavenrepo\org\springframework\boot\spring-boot-devtools\2.1.0.RELEASE\spring-boot-devtools-2.1.0.RELEASE.jar;D:\sdk-java\mavenrepo\org\springframework\boot\spring-boot\2.1.0.RELEASE\spring-boot-2.1.0.RELEASE.jar;D:\sdk-java\mavenrepo\org\springframework\boot\spring-boot-autoconfigure\2.1.0.RELEASE\spring-boot-autoconfigure-2.1.0.RELEASE.jar;D:\sdk-java\mavenrepo\mysql\mysql-connector-java\8.0.13\mysql-connector-java-8.0.13.jar;D:\sdk-java\mavenrepo\org\springframework\boot\spring-boot-starter-test\2.1.0.RELEASE\spring-boot-starter-test-2.1.0.RELEASE.jar;D:\sdk-java\mavenrepo\org\springframework\boot\spring-boot-test\2.1.0.RELEASE\spring-boot-test-2.1.0.RELEASE.jar;D:\sdk-java\mavenrepo\org\springframework\boot\spring-boot-test-autoconfigure\2.1.0.RELEASE\spring-boot-test-autoconfigure-2.1.0.RELEASE.jar;D:\sdk-java\mavenrepo\com\jayway\jsonpath\json-path\2.4.0\json-path-2.4.0.jar;D:\sdk-java\mavenrepo\net\minidev\json-smart\2.3\json-smart-2.3.jar;D:\sdk-java\mavenrepo\net\minidev\accessors-smart\1.2\accessors-smart-1.2.jar;D:\sdk-java\mavenrepo\org\ow2\asm\asm\5.0.4\asm-5.0.4.jar;D:\sdk-java\mavenrepo\org\assertj\assertj-core\3.11.1\assertj-core-3.11.1.jar;D:\sdk-java\mavenrepo\org\mockito\mockito-core\2.23.0\mockito-core-2.23.0.jar;D:\sdk-java\mavenrepo\net\bytebuddy\byte-buddy-agent\1.9.3\byte-buddy-agent-1.9.3.jar;D:\sdk-java\mavenrepo\org\objenesis\objenesis\2.6\objenesis-2.6.jar;D:\sdk-java\mavenrepo\org\hamcrest\hamcrest-core\1.3\hamcrest-core-1.3.jar;D:\sdk-java\mavenrepo\org\hamcrest\hamcrest-library\1.3\hamcrest-library-1.3.jar;D:\sdk-java\mavenrepo\org\skyscreamer\jsonassert\1.5.0\jsonassert-1.5.0.jar;D:\sdk-java\mavenrepo\com\vaadin\external\google\android-json\0.0.20131108.vaadin1\android-json-0.0.20131108.vaadin1.jar;D:\sdk-java\mavenrepo\org\springframework\spring-core\5.1.2.RELEASE\spring-core-5.1.2.RELEASE.jar;D:\sdk-java\mavenrepo\org\springframework\spring-jcl\5.1.2.RELEASE\spring-jcl-5.1.2.RELEASE.jar;D:\sdk-java\mavenrepo\org\springframework\spring-test\5.1.2.RELEASE\spring-test-5.1.2.RELEASE.jar;D:\sdk-java\mavenrepo\org\xmlunit\xmlunit-core\2.6.2\xmlunit-core-2.6.2.jar;D:\sdk-java\mavenrepo\org\projectlombok\lombok\1.18.4\lombok-1.18.4.jar;D:\sdk-java\mavenrepo\ma\glasnost\orika\orika-core\1.4.6\orika-core-1.4.6.jar;D:\sdk-java\mavenrepo\org\javassist\javassist\3.19.0-GA\javassist-3.19.0-GA.jar;D:\sdk-java\mavenrepo\com\thoughtworks\paranamer\paranamer\2.7\paranamer-2.7.jar;D:\sdk-java\mavenrepo\org\slf4j\slf4j-api\1.7.25\slf4j-api-1.7.25.jar;D:\sdk-java\mavenrepo\com\googlecode\concurrentlinkedhashmap\concurrentlinkedhashmap-lru\1.2_jdk5\concurrentlinkedhashmap-lru-1.2_jdk5.jar;D:\sdk-java\mavenrepo\com\carrotsearch\java-sizeof\0.0.4\java-sizeof-0.0.4.jar;D:\sdk-java\mavenrepo\com\h2database\h2\1.4.197\h2-1.4.197.jar;D:\sdk-java\mavenrepo\junit\junit\4.12\junit-4.12.jar;D:\sdk-java\mavenrepo\com\github\javafaker\javafaker\0.12\javafaker-0.12.jar;D:\sdk-java\mavenrepo\org\apache\commons\commons-lang3\3.8.1\commons-lang3-3.8.1.jar;D:\sdk-java\mavenrepo\com\github\mifmif\generex\1.0.2\generex-1.0.2.jar;D:\sdk-java\mavenrepo\dk\brics\automaton\automaton\1.11-8\automaton-1.11-8.jar;"/>
    <property name="sun.cpu.endian" value="little"/>
    <property name="user.home" value="D:\Users\Jhonatar"/>
    <property name="user.language" value="pt"/>
    <property name="java.specification.vendor" value="Oracle Corporation"/>
    <property name="java.version.date" value="2018-10-16"/>
    <property name="java.home" value="C:\Program Files\Java\jdk-11.0.1"/>
    <property name="file.separator" value="\"/>
    <property name="basedir" value="D:\Users\Jhonatar\Documents\Developer\gweb"/>
    <property name="java.vm.compressedOopsMode" value="Zero based"/>
    <property name="line.separator" value="&#10;"/>
    <property name="java.specification.name" value="Java Platform API Specification"/>
    <property name="java.vm.specification.vendor" value="Oracle Corporation"/>
    <property name="java.awt.graphicsenv" value="sun.awt.Win32GraphicsEnvironment"/>
    <property name="surefire.real.class.path" value="D:\Users\Jhonatar\AppData\Local\Temp\surefire3756719200848837567\surefirebooter529640334325062067.jar"/>
    <property name="user.script" value=""/>
    <property name="sun.management.compiler" value="HotSpot 64-Bit Tiered Compilers"/>
    <property name="java.runtime.version" value="11.0.1+13"/>
    <property name="user.name" value="jhonatar"/>
    <property name="path.separator" value=";"/>
    <property name="os.version" value="10.0"/>
    <property name="java.runtime.name" value="OpenJDK Runtime Environment"/>
    <property name="file.encoding" value="Cp1252"/>
    <property name="java.vm.name" value="OpenJDK 64-Bit Server VM"/>
    <property name="java.vendor.version" value="18.9"/>
    <property name="localRepository" value="D:\sdk-java\mavenrepo"/>
    <property name="java.vendor.url.bug" value="http://bugreport.java.com/bugreport/"/>
    <property name="java.io.tmpdir" value="D:\Users\Jhonatar\AppData\Local\Temp\"/>
    <property name="java.version" value="11.0.1"/>
    <property name="user.dir" value="D:\Users\Jhonatar\Documents\Developer\gweb"/>
    <property name="os.arch" value="amd64"/>
    <property name="java.vm.specification.name" value="Java Virtual Machine Specification"/>
    <property name="java.awt.printerjob" value="sun.awt.windows.WPrinterJob"/>
    <property name="sun.os.patch.level" value=""/>
    <property name="java.library.path" value="C:\Program Files\Java\jdk-11.0.1\bin;C:\Windows\Sun\Java\bin;C:\Windows\system32;C:\Windows;C:/Program Files/Java/jdk-11.0.1/bin/server;C:/Program Files/Java/jdk-11.0.1/bin;C:\Program Files\Java\jdk-11.0.1\bin;C:\Program Files\Java\jdk-11.0.1\bin\client;C:\Program Files (x86)\Intel\iCLS Client\;C:\Program Files\Intel\iCLS Client\;C:\Windows\system32;C:\Windows;C:\Windows\System32\Wbem;C:\Windows\System32\WindowsPowerShell\v1.0\;C:\Windows\System32\OpenSSH\;C:\Program Files (x86)\Intel\Intel(R) Management Engine Components\DAL;C:\Program Files\Intel\Intel(R) Management Engine Components\DAL;C:\Program Files (x86)\Intel\Intel(R) Management Engine Components\IPT;C:\Program Files\Intel\Intel(R) Management Engine Components\IPT;S:\Public\dll;C:\PROGRA~1\IBM\SQLLIB\BIN;C:\PROGRA~1\IBM\SQLLIB\FUNCTION;C:\Program Files\Intel\WiFi\bin\;C:\Program Files\Common Files\Intel\WirelessCommon\;C:\Program Files\nodejs\;C:\Program Files\Java\jdk-11.0.1\bin;C:\Program Files\TortoiseGit\bin;D:\sdk-java\apache-maven\bin;D:\Users\Jhonatar\AppData\Local\Microsoft\WindowsApps;D:\Users\Jhonatar\AppData\Local\Programs\Microsoft VS Code\bin;D:\Users\Jhonatar\AppData\Roaming\npm;D:\Users\Jhonatar\AppData\Local\Programs\Git\cmd;C:\Program Files\sts-4.0.2.RELEASE;;."/>
    <property name="java.vendor" value="Oracle Corporation"/>
    <property name="java.vm.info" value="mixed mode"/>
    <property name="java.vm.version" value="11.0.1+13"/>
    <property name="sun.io.unicode.encoding" value="UnicodeLittle"/>
    <property name="java.class.version" value="55.0"/>
  </properties>
  <testcase name="deveObterUsuarios" classname="br.com.crud.gweb.service.UsuarioServiceTest" time="0"/>
</testsuite>